{"C:\\Users\\ahelm\\Desktop\\dev\\fullstack-apps\\holdMyBeer\\server\\src\\app.ts": {"path":"C:\\Users\\ahelm\\Desktop\\dev\\fullstack-apps\\holdMyBeer\\server\\src\\app.ts","statementMap":{"0":{"start":{"line":10,"column":6},"end":{"line":10,"column":null}},"1":{"start":{"line":12,"column":0},"end":{"line":12,"column":null}},"2":{"start":{"line":13,"column":0},"end":{"line":13,"column":null}},"3":{"start":{"line":15,"column":0},"end":{"line":15,"column":null}},"4":{"start":{"line":16,"column":0},"end":{"line":16,"column":null}},"5":{"start":{"line":17,"column":0},"end":{"line":17,"column":null}},"6":{"start":{"line":19,"column":0},"end":{"line":19,"column":null}}},"fnMap":{},"branchMap":{},"s":{"0":3,"1":3,"2":3,"3":3,"4":3,"5":3,"6":3},"f":{},"b":{},"meta":{"lastBranch":0,"lastFunction":0,"lastStatement":7,"seen":{"s:10:6:10:Infinity":0,"s:12:0:12:Infinity":1,"s:13:0:13:Infinity":2,"s:15:0:15:Infinity":3,"s:16:0:16:Infinity":4,"s:17:0:17:Infinity":5,"s:19:0:19:Infinity":6}}}
,"C:\\Users\\ahelm\\Desktop\\dev\\fullstack-apps\\holdMyBeer\\server\\src\\controllers\\auth.controllers.ts": {"path":"C:\\Users\\ahelm\\Desktop\\dev\\fullstack-apps\\holdMyBeer\\server\\src\\controllers\\auth.controllers.ts","statementMap":{"0":{"start":{"line":7,"column":24},"end":{"line":28,"column":null}},"1":{"start":{"line":8,"column":42},"end":{"line":8,"column":null}},"2":{"start":{"line":10,"column":29},"end":{"line":12,"column":null}},"3":{"start":{"line":13,"column":4},"end":{"line":15,"column":null}},"4":{"start":{"line":14,"column":8},"end":{"line":14,"column":null}},"5":{"start":{"line":16,"column":17},"end":{"line":16,"column":null}},"6":{"start":{"line":17,"column":20},"end":{"line":26,"column":null}},"7":{"start":{"line":27,"column":4},"end":{"line":27,"column":null}},"8":{"start":{"line":30,"column":21},"end":{"line":45,"column":null}},"9":{"start":{"line":31,"column":32},"end":{"line":31,"column":null}},"10":{"start":{"line":33,"column":17},"end":{"line":35,"column":null}},"11":{"start":{"line":36,"column":4},"end":{"line":38,"column":null}},"12":{"start":{"line":37,"column":8},"end":{"line":37,"column":null}},"13":{"start":{"line":39,"column":24},"end":{"line":39,"column":null}},"14":{"start":{"line":40,"column":4},"end":{"line":42,"column":null}},"15":{"start":{"line":41,"column":8},"end":{"line":41,"column":null}},"16":{"start":{"line":43,"column":18},"end":{"line":43,"column":null}},"17":{"start":{"line":44,"column":4},"end":{"line":44,"column":null}}},"fnMap":{"0":{"name":"(anonymous_0)","decl":{"start":{"line":7,"column":24},"end":{"line":7,"column":31}},"loc":{"start":{"line":7,"column":63},"end":{"line":28,"column":null}},"line":7},"1":{"name":"(anonymous_1)","decl":{"start":{"line":30,"column":21},"end":{"line":30,"column":28}},"loc":{"start":{"line":30,"column":60},"end":{"line":45,"column":null}},"line":30}},"branchMap":{"0":{"loc":{"start":{"line":13,"column":4},"end":{"line":15,"column":null}},"type":"if","locations":[{"start":{"line":13,"column":4},"end":{"line":15,"column":null}},{"start":{},"end":{}}],"line":13},"1":{"loc":{"start":{"line":36,"column":4},"end":{"line":38,"column":null}},"type":"if","locations":[{"start":{"line":36,"column":4},"end":{"line":38,"column":null}},{"start":{},"end":{}}],"line":36},"2":{"loc":{"start":{"line":40,"column":4},"end":{"line":42,"column":null}},"type":"if","locations":[{"start":{"line":40,"column":4},"end":{"line":42,"column":null}},{"start":{},"end":{}}],"line":40}},"s":{"0":3,"1":6,"2":6,"3":6,"4":1,"5":5,"6":5,"7":5,"8":3,"9":7,"10":7,"11":7,"12":2,"13":5,"14":5,"15":0,"16":5,"17":5},"f":{"0":6,"1":7},"b":{"0":[1,5],"1":[2,5],"2":[0,5]},"meta":{"lastBranch":3,"lastFunction":2,"lastStatement":18,"seen":{"s:7:24:28:Infinity":0,"f:7:24:7:31":0,"s:8:42:8:Infinity":1,"s:10:29:12:Infinity":2,"b:13:4:15:Infinity:undefined:undefined:undefined:undefined":0,"s:13:4:15:Infinity":3,"s:14:8:14:Infinity":4,"s:16:17:16:Infinity":5,"s:17:20:26:Infinity":6,"s:27:4:27:Infinity":7,"s:30:21:45:Infinity":8,"f:30:21:30:28":1,"s:31:32:31:Infinity":9,"s:33:17:35:Infinity":10,"b:36:4:38:Infinity:undefined:undefined:undefined:undefined":1,"s:36:4:38:Infinity":11,"s:37:8:37:Infinity":12,"s:39:24:39:Infinity":13,"b:40:4:42:Infinity:undefined:undefined:undefined:undefined":2,"s:40:4:42:Infinity":14,"s:41:8:41:Infinity":15,"s:43:18:43:Infinity":16,"s:44:4:44:Infinity":17}}}
,"C:\\Users\\ahelm\\Desktop\\dev\\fullstack-apps\\holdMyBeer\\server\\src\\controllers\\bets.controllers.ts": {"path":"C:\\Users\\ahelm\\Desktop\\dev\\fullstack-apps\\holdMyBeer\\server\\src\\controllers\\bets.controllers.ts","statementMap":{"0":{"start":{"line":5,"column":23},"end":{"line":8,"column":null}},"1":{"start":{"line":6,"column":17},"end":{"line":6,"column":null}},"2":{"start":{"line":7,"column":4},"end":{"line":7,"column":null}},"3":{"start":{"line":10,"column":25},"end":{"line":22,"column":null}},"4":{"start":{"line":11,"column":35},"end":{"line":11,"column":null}},"5":{"start":{"line":13,"column":19},"end":{"line":20,"column":null}},"6":{"start":{"line":21,"column":4},"end":{"line":21,"column":null}},"7":{"start":{"line":24,"column":25},"end":{"line":31,"column":null}},"8":{"start":{"line":25,"column":15},"end":{"line":25,"column":null}},"9":{"start":{"line":26,"column":16},"end":{"line":26,"column":null}},"10":{"start":{"line":27,"column":4},"end":{"line":29,"column":null}},"11":{"start":{"line":28,"column":8},"end":{"line":28,"column":null}},"12":{"start":{"line":30,"column":4},"end":{"line":30,"column":null}},"13":{"start":{"line":33,"column":25},"end":{"line":58,"column":null}},"14":{"start":{"line":34,"column":15},"end":{"line":34,"column":null}},"15":{"start":{"line":35,"column":35},"end":{"line":35,"column":null}},"16":{"start":{"line":37,"column":17},"end":{"line":37,"column":null}},"17":{"start":{"line":39,"column":16},"end":{"line":41,"column":null}},"18":{"start":{"line":42,"column":4},"end":{"line":44,"column":null}},"19":{"start":{"line":43,"column":8},"end":{"line":43,"column":null}},"20":{"start":{"line":45,"column":4},"end":{"line":47,"column":null}},"21":{"start":{"line":46,"column":8},"end":{"line":46,"column":null}},"22":{"start":{"line":48,"column":23},"end":{"line":56,"column":null}},"23":{"start":{"line":57,"column":4},"end":{"line":57,"column":null}},"24":{"start":{"line":60,"column":25},"end":{"line":76,"column":null}},"25":{"start":{"line":61,"column":15},"end":{"line":61,"column":null}},"26":{"start":{"line":62,"column":17},"end":{"line":62,"column":null}},"27":{"start":{"line":63,"column":16},"end":{"line":65,"column":null}},"28":{"start":{"line":67,"column":4},"end":{"line":69,"column":null}},"29":{"start":{"line":68,"column":8},"end":{"line":68,"column":null}},"30":{"start":{"line":70,"column":4},"end":{"line":72,"column":null}},"31":{"start":{"line":71,"column":8},"end":{"line":71,"column":null}},"32":{"start":{"line":74,"column":4},"end":{"line":74,"column":null}},"33":{"start":{"line":75,"column":4},"end":{"line":75,"column":null}}},"fnMap":{"0":{"name":"(anonymous_0)","decl":{"start":{"line":5,"column":23},"end":{"line":5,"column":30}},"loc":{"start":{"line":5,"column":62},"end":{"line":8,"column":null}},"line":5},"1":{"name":"(anonymous_1)","decl":{"start":{"line":10,"column":25},"end":{"line":10,"column":32}},"loc":{"start":{"line":10,"column":64},"end":{"line":22,"column":null}},"line":10},"2":{"name":"(anonymous_2)","decl":{"start":{"line":24,"column":25},"end":{"line":24,"column":32}},"loc":{"start":{"line":24,"column":64},"end":{"line":31,"column":null}},"line":24},"3":{"name":"(anonymous_3)","decl":{"start":{"line":33,"column":25},"end":{"line":33,"column":32}},"loc":{"start":{"line":33,"column":64},"end":{"line":58,"column":null}},"line":33},"4":{"name":"(anonymous_4)","decl":{"start":{"line":60,"column":25},"end":{"line":60,"column":32}},"loc":{"start":{"line":60,"column":64},"end":{"line":76,"column":null}},"line":60}},"branchMap":{"0":{"loc":{"start":{"line":27,"column":4},"end":{"line":29,"column":null}},"type":"if","locations":[{"start":{"line":27,"column":4},"end":{"line":29,"column":null}},{"start":{},"end":{}}],"line":27},"1":{"loc":{"start":{"line":42,"column":4},"end":{"line":44,"column":null}},"type":"if","locations":[{"start":{"line":42,"column":4},"end":{"line":44,"column":null}},{"start":{},"end":{}}],"line":42},"2":{"loc":{"start":{"line":45,"column":4},"end":{"line":47,"column":null}},"type":"if","locations":[{"start":{"line":45,"column":4},"end":{"line":47,"column":null}},{"start":{},"end":{}}],"line":45},"3":{"loc":{"start":{"line":67,"column":4},"end":{"line":69,"column":null}},"type":"if","locations":[{"start":{"line":67,"column":4},"end":{"line":69,"column":null}},{"start":{},"end":{}}],"line":67},"4":{"loc":{"start":{"line":70,"column":4},"end":{"line":72,"column":null}},"type":"if","locations":[{"start":{"line":70,"column":4},"end":{"line":72,"column":null}},{"start":{},"end":{}}],"line":70}},"s":{"0":3,"1":1,"2":1,"3":3,"4":2,"5":2,"6":2,"7":3,"8":2,"9":2,"10":2,"11":1,"12":1,"13":3,"14":3,"15":3,"16":3,"17":3,"18":3,"19":1,"20":2,"21":1,"22":1,"23":1,"24":3,"25":3,"26":3,"27":3,"28":3,"29":1,"30":2,"31":1,"32":1,"33":1},"f":{"0":1,"1":2,"2":2,"3":3,"4":3},"b":{"0":[1,1],"1":[1,2],"2":[1,1],"3":[1,2],"4":[1,1]},"meta":{"lastBranch":5,"lastFunction":5,"lastStatement":34,"seen":{"s:5:23:8:Infinity":0,"f:5:23:5:30":0,"s:6:17:6:Infinity":1,"s:7:4:7:Infinity":2,"s:10:25:22:Infinity":3,"f:10:25:10:32":1,"s:11:35:11:Infinity":4,"s:13:19:20:Infinity":5,"s:21:4:21:Infinity":6,"s:24:25:31:Infinity":7,"f:24:25:24:32":2,"s:25:15:25:Infinity":8,"s:26:16:26:Infinity":9,"b:27:4:29:Infinity:undefined:undefined:undefined:undefined":0,"s:27:4:29:Infinity":10,"s:28:8:28:Infinity":11,"s:30:4:30:Infinity":12,"s:33:25:58:Infinity":13,"f:33:25:33:32":3,"s:34:15:34:Infinity":14,"s:35:35:35:Infinity":15,"s:37:17:37:Infinity":16,"s:39:16:41:Infinity":17,"b:42:4:44:Infinity:undefined:undefined:undefined:undefined":1,"s:42:4:44:Infinity":18,"s:43:8:43:Infinity":19,"b:45:4:47:Infinity:undefined:undefined:undefined:undefined":2,"s:45:4:47:Infinity":20,"s:46:8:46:Infinity":21,"s:48:23:56:Infinity":22,"s:57:4:57:Infinity":23,"s:60:25:76:Infinity":24,"f:60:25:60:32":4,"s:61:15:61:Infinity":25,"s:62:17:62:Infinity":26,"s:63:16:65:Infinity":27,"b:67:4:69:Infinity:undefined:undefined:undefined:undefined":3,"s:67:4:69:Infinity":28,"s:68:8:68:Infinity":29,"b:70:4:72:Infinity:undefined:undefined:undefined:undefined":4,"s:70:4:72:Infinity":30,"s:71:8:71:Infinity":31,"s:74:4:74:Infinity":32,"s:75:4:75:Infinity":33}}}
,"C:\\Users\\ahelm\\Desktop\\dev\\fullstack-apps\\holdMyBeer\\server\\src\\controllers\\votes.controllers.ts": {"path":"C:\\Users\\ahelm\\Desktop\\dev\\fullstack-apps\\holdMyBeer\\server\\src\\controllers\\votes.controllers.ts","statementMap":{"0":{"start":{"line":6,"column":24},"end":{"line":9,"column":null}},"1":{"start":{"line":7,"column":17},"end":{"line":7,"column":null}},"2":{"start":{"line":8,"column":4},"end":{"line":8,"column":null}},"3":{"start":{"line":11,"column":26},"end":{"line":33,"column":null}},"4":{"start":{"line":13,"column":23},"end":{"line":13,"column":null}},"5":{"start":{"line":14,"column":18},"end":{"line":14,"column":null}},"6":{"start":{"line":15,"column":19},"end":{"line":15,"column":null}},"7":{"start":{"line":16,"column":4},"end":{"line":32,"column":null}},"8":{"start":{"line":17,"column":24},"end":{"line":23,"column":null}},"9":{"start":{"line":24,"column":8},"end":{"line":24,"column":null}},"10":{"start":{"line":26,"column":8},"end":{"line":31,"column":null}},"11":{"start":{"line":27,"column":12},"end":{"line":27,"column":null}},"12":{"start":{"line":29,"column":12},"end":{"line":29,"column":null}},"13":{"start":{"line":30,"column":12},"end":{"line":30,"column":null}},"14":{"start":{"line":35,"column":26},"end":{"line":58,"column":null}},"15":{"start":{"line":37,"column":23},"end":{"line":37,"column":null}},"16":{"start":{"line":38,"column":15},"end":{"line":38,"column":null}},"17":{"start":{"line":39,"column":17},"end":{"line":39,"column":null}},"18":{"start":{"line":41,"column":17},"end":{"line":43,"column":null}},"19":{"start":{"line":44,"column":4},"end":{"line":46,"column":null}},"20":{"start":{"line":45,"column":8},"end":{"line":45,"column":null}},"21":{"start":{"line":47,"column":4},"end":{"line":49,"column":null}},"22":{"start":{"line":48,"column":8},"end":{"line":48,"column":null}},"23":{"start":{"line":50,"column":23},"end":{"line":56,"column":null}},"24":{"start":{"line":57,"column":4},"end":{"line":57,"column":null}},"25":{"start":{"line":60,"column":26},"end":{"line":77,"column":null}},"26":{"start":{"line":61,"column":15},"end":{"line":61,"column":null}},"27":{"start":{"line":62,"column":17},"end":{"line":62,"column":null}},"28":{"start":{"line":63,"column":17},"end":{"line":65,"column":null}},"29":{"start":{"line":67,"column":4},"end":{"line":69,"column":null}},"30":{"start":{"line":68,"column":8},"end":{"line":68,"column":null}},"31":{"start":{"line":71,"column":4},"end":{"line":73,"column":null}},"32":{"start":{"line":72,"column":8},"end":{"line":72,"column":null}},"33":{"start":{"line":75,"column":4},"end":{"line":75,"column":null}},"34":{"start":{"line":76,"column":4},"end":{"line":76,"column":null}}},"fnMap":{"0":{"name":"(anonymous_0)","decl":{"start":{"line":6,"column":24},"end":{"line":6,"column":31}},"loc":{"start":{"line":6,"column":63},"end":{"line":9,"column":null}},"line":6},"1":{"name":"(anonymous_1)","decl":{"start":{"line":11,"column":26},"end":{"line":11,"column":33}},"loc":{"start":{"line":11,"column":65},"end":{"line":33,"column":null}},"line":11},"2":{"name":"(anonymous_2)","decl":{"start":{"line":35,"column":26},"end":{"line":35,"column":33}},"loc":{"start":{"line":35,"column":65},"end":{"line":58,"column":null}},"line":35},"3":{"name":"(anonymous_3)","decl":{"start":{"line":60,"column":26},"end":{"line":60,"column":33}},"loc":{"start":{"line":60,"column":65},"end":{"line":77,"column":null}},"line":60}},"branchMap":{"0":{"loc":{"start":{"line":26,"column":8},"end":{"line":31,"column":null}},"type":"if","locations":[{"start":{"line":26,"column":8},"end":{"line":31,"column":null}},{"start":{"line":28,"column":15},"end":{"line":31,"column":null}}],"line":26},"1":{"loc":{"start":{"line":26,"column":12},"end":{"line":26,"column":93}},"type":"binary-expr","locations":[{"start":{"line":26,"column":12},"end":{"line":26,"column":69}},{"start":{"line":26,"column":69},"end":{"line":26,"column":93}}],"line":26},"2":{"loc":{"start":{"line":44,"column":4},"end":{"line":46,"column":null}},"type":"if","locations":[{"start":{"line":44,"column":4},"end":{"line":46,"column":null}},{"start":{},"end":{}}],"line":44},"3":{"loc":{"start":{"line":47,"column":4},"end":{"line":49,"column":null}},"type":"if","locations":[{"start":{"line":47,"column":4},"end":{"line":49,"column":null}},{"start":{},"end":{}}],"line":47},"4":{"loc":{"start":{"line":67,"column":4},"end":{"line":69,"column":null}},"type":"if","locations":[{"start":{"line":67,"column":4},"end":{"line":69,"column":null}},{"start":{},"end":{}}],"line":67},"5":{"loc":{"start":{"line":71,"column":4},"end":{"line":73,"column":null}},"type":"if","locations":[{"start":{"line":71,"column":4},"end":{"line":73,"column":null}},{"start":{},"end":{}}],"line":71}},"s":{"0":3,"1":1,"2":1,"3":3,"4":2,"5":2,"6":2,"7":2,"8":2,"9":1,"10":1,"11":1,"12":0,"13":0,"14":3,"15":3,"16":3,"17":3,"18":3,"19":3,"20":1,"21":2,"22":1,"23":1,"24":1,"25":3,"26":3,"27":3,"28":3,"29":3,"30":1,"31":2,"32":1,"33":1,"34":1},"f":{"0":1,"1":2,"2":3,"3":3},"b":{"0":[1,0],"1":[1,1],"2":[1,2],"3":[1,1],"4":[1,2],"5":[1,1]},"meta":{"lastBranch":6,"lastFunction":4,"lastStatement":35,"seen":{"s:6:24:9:Infinity":0,"f:6:24:6:31":0,"s:7:17:7:Infinity":1,"s:8:4:8:Infinity":2,"s:11:26:33:Infinity":3,"f:11:26:11:33":1,"s:13:23:13:Infinity":4,"s:14:18:14:Infinity":5,"s:15:19:15:Infinity":6,"s:16:4:32:Infinity":7,"s:17:24:23:Infinity":8,"s:24:8:24:Infinity":9,"b:26:8:31:Infinity:28:15:31:Infinity":0,"s:26:8:31:Infinity":10,"b:26:12:26:69:26:69:26:93":1,"s:27:12:27:Infinity":11,"s:29:12:29:Infinity":12,"s:30:12:30:Infinity":13,"s:35:26:58:Infinity":14,"f:35:26:35:33":2,"s:37:23:37:Infinity":15,"s:38:15:38:Infinity":16,"s:39:17:39:Infinity":17,"s:41:17:43:Infinity":18,"b:44:4:46:Infinity:undefined:undefined:undefined:undefined":2,"s:44:4:46:Infinity":19,"s:45:8:45:Infinity":20,"b:47:4:49:Infinity:undefined:undefined:undefined:undefined":3,"s:47:4:49:Infinity":21,"s:48:8:48:Infinity":22,"s:50:23:56:Infinity":23,"s:57:4:57:Infinity":24,"s:60:26:77:Infinity":25,"f:60:26:60:33":3,"s:61:15:61:Infinity":26,"s:62:17:62:Infinity":27,"s:63:17:65:Infinity":28,"b:67:4:69:Infinity:undefined:undefined:undefined:undefined":4,"s:67:4:69:Infinity":29,"s:68:8:68:Infinity":30,"b:71:4:73:Infinity:undefined:undefined:undefined:undefined":5,"s:71:4:73:Infinity":31,"s:72:8:72:Infinity":32,"s:75:4:75:Infinity":33,"s:76:4:76:Infinity":34}}}
,"C:\\Users\\ahelm\\Desktop\\dev\\fullstack-apps\\holdMyBeer\\server\\src\\errors\\AppError.ts": {"path":"C:\\Users\\ahelm\\Desktop\\dev\\fullstack-apps\\holdMyBeer\\server\\src\\errors\\AppError.ts","statementMap":{"0":{"start":{"line":5,"column":8},"end":{"line":5,"column":null}},"1":{"start":{"line":6,"column":8},"end":{"line":6,"column":null}},"2":{"start":{"line":7,"column":8},"end":{"line":7,"column":null}},"3":{"start":{"line":13,"column":8},"end":{"line":13,"column":null}},"4":{"start":{"line":19,"column":8},"end":{"line":19,"column":null}},"5":{"start":{"line":25,"column":8},"end":{"line":25,"column":null}},"6":{"start":{"line":31,"column":8},"end":{"line":31,"column":null}},"7":{"start":{"line":37,"column":8},"end":{"line":37,"column":null}},"8":{"start":{"line":43,"column":8},"end":{"line":43,"column":null}}},"fnMap":{"0":{"name":"(anonymous_0)","decl":{"start":{"line":4,"column":4},"end":{"line":4,"column":16}},"loc":{"start":{"line":4,"column":53},"end":{"line":8,"column":null}},"line":4},"1":{"name":"(anonymous_1)","decl":{"start":{"line":12,"column":4},"end":{"line":12,"column":16}},"loc":{"start":{"line":12,"column":49},"end":{"line":14,"column":null}},"line":12},"2":{"name":"(anonymous_2)","decl":{"start":{"line":18,"column":4},"end":{"line":18,"column":16}},"loc":{"start":{"line":18,"column":50},"end":{"line":20,"column":null}},"line":18},"3":{"name":"(anonymous_3)","decl":{"start":{"line":24,"column":4},"end":{"line":24,"column":16}},"loc":{"start":{"line":24,"column":47},"end":{"line":26,"column":null}},"line":24},"4":{"name":"(anonymous_4)","decl":{"start":{"line":30,"column":4},"end":{"line":30,"column":16}},"loc":{"start":{"line":30,"column":56},"end":{"line":32,"column":null}},"line":30},"5":{"name":"(anonymous_5)","decl":{"start":{"line":36,"column":4},"end":{"line":36,"column":16}},"loc":{"start":{"line":36,"column":55},"end":{"line":38,"column":null}},"line":36},"6":{"name":"(anonymous_6)","decl":{"start":{"line":42,"column":4},"end":{"line":42,"column":16}},"loc":{"start":{"line":42,"column":52},"end":{"line":44,"column":null}},"line":42}},"branchMap":{"0":{"loc":{"start":{"line":12,"column":16},"end":{"line":12,"column":49}},"type":"default-arg","locations":[{"start":{"line":12,"column":34},"end":{"line":12,"column":49}}],"line":12},"1":{"loc":{"start":{"line":18,"column":16},"end":{"line":18,"column":50}},"type":"default-arg","locations":[{"start":{"line":18,"column":34},"end":{"line":18,"column":50}}],"line":18},"2":{"loc":{"start":{"line":24,"column":16},"end":{"line":24,"column":47}},"type":"default-arg","locations":[{"start":{"line":24,"column":34},"end":{"line":24,"column":47}}],"line":24},"3":{"loc":{"start":{"line":30,"column":16},"end":{"line":30,"column":56}},"type":"default-arg","locations":[{"start":{"line":30,"column":34},"end":{"line":30,"column":56}}],"line":30},"4":{"loc":{"start":{"line":36,"column":16},"end":{"line":36,"column":55}},"type":"default-arg","locations":[{"start":{"line":36,"column":34},"end":{"line":36,"column":55}}],"line":36},"5":{"loc":{"start":{"line":42,"column":16},"end":{"line":42,"column":52}},"type":"default-arg","locations":[{"start":{"line":42,"column":34},"end":{"line":42,"column":52}}],"line":42}},"s":{"0":11,"1":11,"2":11,"3":1,"4":2,"5":4,"6":4,"7":0,"8":0},"f":{"0":11,"1":1,"2":2,"3":4,"4":4,"5":0,"6":0},"b":{"0":[1],"1":[2],"2":[4],"3":[4],"4":[0],"5":[0]},"meta":{"lastBranch":6,"lastFunction":7,"lastStatement":9,"seen":{"f:4:4:4:16":0,"s:5:8:5:Infinity":0,"s:6:8:6:Infinity":1,"s:7:8:7:Infinity":2,"f:12:4:12:16":1,"b:12:34:12:49":0,"s:13:8:13:Infinity":3,"f:18:4:18:16":2,"b:18:34:18:50":1,"s:19:8:19:Infinity":4,"f:24:4:24:16":3,"b:24:34:24:47":2,"s:25:8:25:Infinity":5,"f:30:4:30:16":4,"b:30:34:30:56":3,"s:31:8:31:Infinity":6,"f:36:4:36:16":5,"b:36:34:36:55":4,"s:37:8:37:Infinity":7,"f:42:4:42:16":6,"b:42:34:42:52":5,"s:43:8:43:Infinity":8}}}
,"C:\\Users\\ahelm\\Desktop\\dev\\fullstack-apps\\holdMyBeer\\server\\src\\lib\\db.ts": {"path":"C:\\Users\\ahelm\\Desktop\\dev\\fullstack-apps\\holdMyBeer\\server\\src\\lib\\db.ts","statementMap":{"0":{"start":{"line":6,"column":13},"end":{"line":6,"column":null}},"1":{"start":{"line":7,"column":16},"end":{"line":7,"column":null}},"2":{"start":{"line":9,"column":15},"end":{"line":9,"column":null}}},"fnMap":{},"branchMap":{},"s":{"0":3,"1":3,"2":3},"f":{},"b":{},"meta":{"lastBranch":0,"lastFunction":0,"lastStatement":3,"seen":{"s:6:13:6:Infinity":0,"s:7:16:7:Infinity":1,"s:9:15:9:Infinity":2}}}
,"C:\\Users\\ahelm\\Desktop\\dev\\fullstack-apps\\holdMyBeer\\server\\src\\middlewares\\auth.middleware.ts": {"path":"C:\\Users\\ahelm\\Desktop\\dev\\fullstack-apps\\holdMyBeer\\server\\src\\middlewares\\auth.middleware.ts","statementMap":{"0":{"start":{"line":4,"column":26},"end":{"line":22,"column":null}},"1":{"start":{"line":5,"column":4},"end":{"line":5,"column":null}},"2":{"start":{"line":6,"column":19},"end":{"line":6,"column":null}},"3":{"start":{"line":7,"column":4},"end":{"line":9,"column":null}},"4":{"start":{"line":8,"column":8},"end":{"line":8,"column":null}},"5":{"start":{"line":10,"column":18},"end":{"line":10,"column":null}},"6":{"start":{"line":11,"column":4},"end":{"line":13,"column":null}},"7":{"start":{"line":12,"column":8},"end":{"line":12,"column":null}},"8":{"start":{"line":14,"column":4},"end":{"line":20,"column":null}},"9":{"start":{"line":15,"column":28},"end":{"line":15,"column":null}},"10":{"start":{"line":16,"column":8},"end":{"line":16,"column":null}},"11":{"start":{"line":17,"column":8},"end":{"line":17,"column":null}},"12":{"start":{"line":19,"column":8},"end":{"line":19,"column":null}}},"fnMap":{"0":{"name":"(anonymous_0)","decl":{"start":{"line":4,"column":26},"end":{"line":4,"column":33}},"loc":{"start":{"line":4,"column":85},"end":{"line":22,"column":null}},"line":4}},"branchMap":{"0":{"loc":{"start":{"line":7,"column":4},"end":{"line":9,"column":null}},"type":"if","locations":[{"start":{"line":7,"column":4},"end":{"line":9,"column":null}},{"start":{},"end":{}}],"line":7},"1":{"loc":{"start":{"line":10,"column":18},"end":{"line":10,"column":null}},"type":"binary-expr","locations":[{"start":{"line":10,"column":18},"end":{"line":10,"column":28}},{"start":{"line":10,"column":28},"end":{"line":10,"column":null}}],"line":10},"2":{"loc":{"start":{"line":11,"column":4},"end":{"line":13,"column":null}},"type":"if","locations":[{"start":{"line":11,"column":4},"end":{"line":13,"column":null}},{"start":{},"end":{}}],"line":11}},"s":{"0":3,"1":61,"2":61,"3":61,"4":7,"5":54,"6":61,"7":0,"8":54,"9":54,"10":54,"11":54,"12":0},"f":{"0":61},"b":{"0":[7,54],"1":[54,54],"2":[0,61]},"meta":{"lastBranch":3,"lastFunction":1,"lastStatement":13,"seen":{"s:4:26:22:Infinity":0,"f:4:26:4:33":0,"s:5:4:5:Infinity":1,"s:6:19:6:Infinity":2,"b:7:4:9:Infinity:undefined:undefined:undefined:undefined":0,"s:7:4:9:Infinity":3,"s:8:8:8:Infinity":4,"s:10:18:10:Infinity":5,"b:10:18:10:28:10:28:10:Infinity":1,"b:11:4:13:Infinity:undefined:undefined:undefined:undefined":2,"s:11:4:13:Infinity":6,"s:12:8:12:Infinity":7,"s:14:4:20:Infinity":8,"s:15:28:15:Infinity":9,"s:16:8:16:Infinity":10,"s:17:8:17:Infinity":11,"s:19:8:19:Infinity":12}}}
,"C:\\Users\\ahelm\\Desktop\\dev\\fullstack-apps\\holdMyBeer\\server\\src\\middlewares\\error.middleware.ts": {"path":"C:\\Users\\ahelm\\Desktop\\dev\\fullstack-apps\\holdMyBeer\\server\\src\\middlewares\\error.middleware.ts","statementMap":{"0":{"start":{"line":4,"column":45},"end":{"line":11,"column":null}},"1":{"start":{"line":5,"column":4},"end":{"line":5,"column":null}},"2":{"start":{"line":6,"column":4},"end":{"line":10,"column":null}},"3":{"start":{"line":7,"column":8},"end":{"line":7,"column":null}},"4":{"start":{"line":9,"column":8},"end":{"line":9,"column":null}}},"fnMap":{"0":{"name":"(anonymous_0)","decl":{"start":{"line":4,"column":45},"end":{"line":4,"column":46}},"loc":{"start":{"line":4,"column":103},"end":{"line":11,"column":null}},"line":4}},"branchMap":{"0":{"loc":{"start":{"line":6,"column":4},"end":{"line":10,"column":null}},"type":"if","locations":[{"start":{"line":6,"column":4},"end":{"line":10,"column":null}},{"start":{"line":8,"column":11},"end":{"line":10,"column":null}}],"line":6}},"s":{"0":3,"1":11,"2":11,"3":11,"4":0},"f":{"0":11},"b":{"0":[11,0]},"meta":{"lastBranch":1,"lastFunction":1,"lastStatement":5,"seen":{"s:4:45:11:Infinity":0,"f:4:45:4:46":0,"s:5:4:5:Infinity":1,"b:6:4:10:Infinity:8:11:10:Infinity":0,"s:6:4:10:Infinity":2,"s:7:8:7:Infinity":3,"s:9:8:9:Infinity":4}}}
,"C:\\Users\\ahelm\\Desktop\\dev\\fullstack-apps\\holdMyBeer\\server\\src\\middlewares\\validate.middleware.ts": {"path":"C:\\Users\\ahelm\\Desktop\\dev\\fullstack-apps\\holdMyBeer\\server\\src\\middlewares\\validate.middleware.ts","statementMap":{"0":{"start":{"line":4,"column":34},"end":{"line":12,"column":null}},"1":{"start":{"line":5,"column":4},"end":{"line":11,"column":null}},"2":{"start":{"line":6,"column":23},"end":{"line":6,"column":null}},"3":{"start":{"line":7,"column":8},"end":{"line":9,"column":null}},"4":{"start":{"line":8,"column":12},"end":{"line":8,"column":null}},"5":{"start":{"line":10,"column":8},"end":{"line":10,"column":null}}},"fnMap":{"0":{"name":"(anonymous_0)","decl":{"start":{"line":4,"column":34},"end":{"line":4,"column":35}},"loc":{"start":{"line":4,"column":57},"end":{"line":12,"column":null}},"line":4},"1":{"name":"(anonymous_1)","decl":{"start":{"line":5,"column":11},"end":{"line":5,"column":21}},"loc":{"start":{"line":5,"column":70},"end":{"line":11,"column":null}},"line":5}},"branchMap":{"0":{"loc":{"start":{"line":7,"column":8},"end":{"line":9,"column":null}},"type":"if","locations":[{"start":{"line":7,"column":8},"end":{"line":9,"column":null}},{"start":{},"end":{}}],"line":7}},"s":{"0":3,"1":18,"2":28,"3":28,"4":5,"5":23},"f":{"0":18,"1":28},"b":{"0":[5,23]},"meta":{"lastBranch":1,"lastFunction":2,"lastStatement":6,"seen":{"s:4:34:12:Infinity":0,"f:4:34:4:35":0,"s:5:4:11:Infinity":1,"f:5:11:5:21":1,"s:6:23:6:Infinity":2,"b:7:8:9:Infinity:undefined:undefined:undefined:undefined":0,"s:7:8:9:Infinity":3,"s:8:12:8:Infinity":4,"s:10:8:10:Infinity":5}}}
,"C:\\Users\\ahelm\\Desktop\\dev\\fullstack-apps\\holdMyBeer\\server\\src\\routes\\auth.routes.ts": {"path":"C:\\Users\\ahelm\\Desktop\\dev\\fullstack-apps\\holdMyBeer\\server\\src\\routes\\auth.routes.ts","statementMap":{"0":{"start":{"line":6,"column":15},"end":{"line":6,"column":null}},"1":{"start":{"line":8,"column":0},"end":{"line":8,"column":null}},"2":{"start":{"line":9,"column":0},"end":{"line":9,"column":null}}},"fnMap":{},"branchMap":{},"s":{"0":3,"1":3,"2":3},"f":{},"b":{},"meta":{"lastBranch":0,"lastFunction":0,"lastStatement":3,"seen":{"s:6:15:6:Infinity":0,"s:8:0:8:Infinity":1,"s:9:0:9:Infinity":2}}}
,"C:\\Users\\ahelm\\Desktop\\dev\\fullstack-apps\\holdMyBeer\\server\\src\\routes\\bets.routes.ts": {"path":"C:\\Users\\ahelm\\Desktop\\dev\\fullstack-apps\\holdMyBeer\\server\\src\\routes\\bets.routes.ts","statementMap":{"0":{"start":{"line":7,"column":15},"end":{"line":7,"column":null}},"1":{"start":{"line":9,"column":0},"end":{"line":9,"column":null}},"2":{"start":{"line":11,"column":0},"end":{"line":11,"column":null}},"3":{"start":{"line":13,"column":0},"end":{"line":13,"column":null}},"4":{"start":{"line":15,"column":0},"end":{"line":15,"column":null}},"5":{"start":{"line":17,"column":0},"end":{"line":17,"column":null}}},"fnMap":{},"branchMap":{},"s":{"0":3,"1":3,"2":3,"3":3,"4":3,"5":3},"f":{},"b":{},"meta":{"lastBranch":0,"lastFunction":0,"lastStatement":6,"seen":{"s:7:15:7:Infinity":0,"s:9:0:9:Infinity":1,"s:11:0:11:Infinity":2,"s:13:0:13:Infinity":3,"s:15:0:15:Infinity":4,"s:17:0:17:Infinity":5}}}
,"C:\\Users\\ahelm\\Desktop\\dev\\fullstack-apps\\holdMyBeer\\server\\src\\routes\\votes.routes.ts": {"path":"C:\\Users\\ahelm\\Desktop\\dev\\fullstack-apps\\holdMyBeer\\server\\src\\routes\\votes.routes.ts","statementMap":{"0":{"start":{"line":7,"column":15},"end":{"line":7,"column":null}},"1":{"start":{"line":9,"column":0},"end":{"line":9,"column":null}},"2":{"start":{"line":11,"column":0},"end":{"line":11,"column":null}},"3":{"start":{"line":13,"column":0},"end":{"line":13,"column":null}},"4":{"start":{"line":15,"column":0},"end":{"line":15,"column":null}}},"fnMap":{},"branchMap":{},"s":{"0":3,"1":3,"2":3,"3":3,"4":3},"f":{},"b":{},"meta":{"lastBranch":0,"lastFunction":0,"lastStatement":5,"seen":{"s:7:15:7:Infinity":0,"s:9:0:9:Infinity":1,"s:11:0:11:Infinity":2,"s:13:0:13:Infinity":3,"s:15:0:15:Infinity":4}}}
,"C:\\Users\\ahelm\\Desktop\\dev\\fullstack-apps\\holdMyBeer\\server\\src\\validators\\auth.schema.ts": {"path":"C:\\Users\\ahelm\\Desktop\\dev\\fullstack-apps\\holdMyBeer\\server\\src\\validators\\auth.schema.ts","statementMap":{"0":{"start":{"line":3,"column":23},"end":{"line":7,"column":null}},"1":{"start":{"line":9,"column":20},"end":{"line":12,"column":null}}},"fnMap":{},"branchMap":{},"s":{"0":3,"1":3},"f":{},"b":{},"meta":{"lastBranch":0,"lastFunction":0,"lastStatement":2,"seen":{"s:3:23:7:Infinity":0,"s:9:20:12:Infinity":1}}}
,"C:\\Users\\ahelm\\Desktop\\dev\\fullstack-apps\\holdMyBeer\\server\\src\\validators\\bets.schema.ts": {"path":"C:\\Users\\ahelm\\Desktop\\dev\\fullstack-apps\\holdMyBeer\\server\\src\\validators\\bets.schema.ts","statementMap":{"0":{"start":{"line":3,"column":24},"end":{"line":6,"column":null}},"1":{"start":{"line":8,"column":24},"end":{"line":8,"column":null}}},"fnMap":{},"branchMap":{},"s":{"0":3,"1":3},"f":{},"b":{},"meta":{"lastBranch":0,"lastFunction":0,"lastStatement":2,"seen":{"s:3:24:6:Infinity":0,"s:8:24:8:Infinity":1}}}
,"C:\\Users\\ahelm\\Desktop\\dev\\fullstack-apps\\holdMyBeer\\server\\src\\validators\\votes.schema.ts": {"path":"C:\\Users\\ahelm\\Desktop\\dev\\fullstack-apps\\holdMyBeer\\server\\src\\validators\\votes.schema.ts","statementMap":{"0":{"start":{"line":3,"column":19},"end":{"line":5,"column":null}}},"fnMap":{},"branchMap":{},"s":{"0":3},"f":{},"b":{},"meta":{"lastBranch":0,"lastFunction":0,"lastStatement":1,"seen":{"s:3:19:5:Infinity":0}}}
,"C:\\Users\\ahelm\\Desktop\\dev\\fullstack-apps\\holdMyBeer\\server\\test\\helpers.ts": {"path":"C:\\Users\\ahelm\\Desktop\\dev\\fullstack-apps\\holdMyBeer\\server\\test\\helpers.ts","statementMap":{"0":{"start":{"line":5,"column":28},"end":{"line":17,"column":null}},"1":{"start":{"line":6,"column":4},"end":{"line":10,"column":null}},"2":{"start":{"line":12,"column":23},"end":{"line":15,"column":null}},"3":{"start":{"line":16,"column":4},"end":{"line":16,"column":null}},"4":{"start":{"line":20,"column":31},"end":{"line":24,"column":null}},"5":{"start":{"line":21,"column":4},"end":{"line":21,"column":null}},"6":{"start":{"line":22,"column":4},"end":{"line":22,"column":null}},"7":{"start":{"line":23,"column":4},"end":{"line":23,"column":null}}},"fnMap":{"0":{"name":"(anonymous_0)","decl":{"start":{"line":5,"column":28},"end":{"line":5,"column":35}},"loc":{"start":{"line":5,"column":89},"end":{"line":17,"column":null}},"line":5},"1":{"name":"(anonymous_1)","decl":{"start":{"line":20,"column":31},"end":{"line":20,"column":43}},"loc":{"start":{"line":20,"column":43},"end":{"line":24,"column":null}},"line":20}},"branchMap":{},"s":{"0":3,"1":4,"2":4,"3":4,"4":3,"5":5,"6":5,"7":5},"f":{"0":4,"1":5},"b":{},"meta":{"lastBranch":0,"lastFunction":2,"lastStatement":8,"seen":{"s:5:28:17:Infinity":0,"f:5:28:5:35":0,"s:6:4:10:Infinity":1,"s:12:23:15:Infinity":2,"s:16:4:16:Infinity":3,"s:20:31:24:Infinity":4,"f:20:31:20:43":1,"s:21:4:21:Infinity":5,"s:22:4:22:Infinity":6,"s:23:4:23:Infinity":7}}}
}
